<?xml version="1.0" encoding="utf-8"?>
<test-run id="2" testcasecount="314" result="Passed" total="314" passed="314" failed="0" inconclusive="0" skipped="0" asserts="0" engine-version="3.5.0.0" clr-version="4.0.30319.42000" start-time="2026-09-09 08:42:01Z" end-time="2026-09-09 08:42:03Z" duration="2.0925629">
  <test-suite type="TestSuite" id="1000" name="New Unity Project" fullname="New Unity Project" runstate="Runnable" testcasecount="314" result="Passed" start-time="2026-09-09 08:42:01Z" end-time="2026-09-09 08:42:03Z" duration="2.092563" total="314" passed="314" failed="0" inconclusive="0" skipped="0" asserts="0">
    <properties>
      <property name="platform" value="EditMode" />
    </properties>
    <test-suite type="Assembly" id="1349" name="Game.Tests.EditMode.dll" fullname="G:/GAME-ZZZ/unity/game/New Unity Project/Library/ScriptAssemblies/Game.Tests.EditMode.dll" runstate="Runnable" testcasecount="314" result="Passed" start-time="2026-09-09 08:42:01Z" end-time="2026-09-09 08:42:03Z" duration="2.085507" total="314" passed="314" failed="0" inconclusive="0" skipped="0" asserts="0">
      <properties>
        <property name="_PID" value="31556" />
        <property name="_APPDOMAIN" value="Unity Child Domain" />
        <property name="platform" value="EditMode" />
        <property name="EditorOnly" value="True" />
      </properties>
      <test-suite type="TestSuite" id="1350" name="Game" fullname="Game" runstate="Runnable" testcasecount="314" result="Passed" start-time="2026-09-09 08:42:01Z" end-time="2026-09-09 08:42:03Z" duration="2.085122" total="314" passed="314" failed="0" inconclusive="0" skipped="0" asserts="0">
        <properties />
        <test-suite type="TestSuite" id="1351" name="Tests" fullname="Game.Tests" runstate="Runnable" testcasecount="314" result="Passed" start-time="2026-09-09 08:42:01Z" end-time="2026-09-09 08:42:03Z" duration="2.084937" total="314" passed="314" failed="0" inconclusive="0" skipped="0" asserts="0">
          <properties />
          <test-suite type="TestSuite" id="1352" name="EditMode" fullname="Game.Tests.EditMode" runstate="Runnable" testcasecount="314" result="Passed" start-time="2026-09-09 08:42:01Z" end-time="2026-09-09 08:42:03Z" duration="2.084511" total="314" passed="314" failed="0" inconclusive="0" skipped="0" asserts="0">
            <properties />
            <test-suite type="TestFixture" id="1001" name="AffixApplicabilityTests" fullname="Game.Tests.EditMode.AffixApplicabilityTests" classname="Game.Tests.EditMode.AffixApplicabilityTests" runstate="Runnable" testcasecount="10" result="Passed" start-time="2026-09-09 08:42:01Z" end-time="2026-09-09 08:42:01Z" duration="0.276407" total="10" passed="10" failed="0" inconclusive="0" skipped="0" asserts="0">
              <properties />
              <test-case id="1004" name="AllAffixes_OnlyConsumedStats_NoNewModOp" fullname="Game.Tests.EditMode.AffixApplicabilityTests.AllAffixes_OnlyConsumedStats_NoNewModOp" methodname="AllAffixes_OnlyConsumedStats_NoNewModOp" classname="Game.Tests.EditMode.AffixApplicabilityTests" runstate="Runnable" seed="970021768" result="Passed" start-time="2026-09-09 08:42:01Z" end-time="2026-09-09 08:42:01Z" duration="0.029218" asserts="0">
                <properties>
                  <property name="retryIteration" value="0" />
                  <property name="repeatIteration" value="0" />
                </properties>
              </test-case>
              <test-case id="1009" name="Audit_Validator_CatchesSyntheticInvalidMask" fullname="Game.Tests.EditMode.AffixApplicabilityTests.Audit_Validator_CatchesSyntheticInvalidMask" methodname="Audit_Validator_CatchesSyntheticInvalidMask" classname="Game.Tests.EditMode.AffixApplicabilityTests" runstate="Runnable" seed="1131590897" result="Passed" start-time="2026-09-09 08:42:01Z" end-time="2026-09-09 08:42:01Z" duration="0.004889" asserts="0">
                <properties>
                  <property name="retryIteration" value="0" />
                  <property name="repeatIteration" value="0" />
                </properties>
              </test-case>
              <test-case id="1008" name="DirectedCraft_RejectsIllegalCombination_Deterministic" fullname="Game.Tests.EditMode.AffixApplicabilityTests.DirectedCraft_RejectsIllegalCombination_Deterministic" methodname="DirectedCraft_RejectsIllegalCombination_Deterministic" classname="Game.Tests.EditMode.AffixApplicabilityTests" runstate="Runnable" seed="810762213" result="Passed" start-time="2026-09-09 08:42:01Z" end-time="2026-09-09 08:42:01Z" duration="0.020502" asserts="0">
                <properties>
                  <property name="retryIteration" value="0" />
                  <property name="repeatIteration" value="0" />
                </properties>
              </test-case>
              <test-case id="1005" name="EligiblePools_PerSlot_DerivedFromPredicate" fullname="Game.Tests.EditMode.AffixApplicabilityTests.EligiblePools_PerSlot_DerivedFromPredicate" methodname="EligiblePools_PerSlot_DerivedFromPredicate" classname="Game.Tests.EditMode.AffixApplicabilityTests" runstate="Runnable" seed="1996586158" result="Passed" start-time="2026-09-09 08:42:01Z" end-time="2026-09-09 08:42:01Z" duration="0.002583" asserts="0">
                <properties>
                  <property name="retryIteration" value="0" />
                  <property name="repeatIteration" value="0" />
                </properties>
              </test-case>
              <test-case id="1010" name="GenerationSmoke_HundredsRolls_NoIllegalPair_RepeatDeterministic" fullname="Game.Tests.EditMode.AffixApplicabilityTests.GenerationSmoke_HundredsRolls_NoIllegalPair_RepeatDeterministic" methodname="GenerationSmoke_HundredsRolls_NoIllegalPair_RepeatDeterministic" classname="Game.Tests.EditMode.AffixApplicabilityTests" runstate="Runnable" seed="1808395395" result="Passed" start-time="2026-09-09 08:42:01Z" end-time="2026-09-09 08:42:01Z" duration="0.039094" asserts="0">
                <properties>
                  <property name="retryIteration" value="0" />
                  <property name="repeatIteration" value="0" />
                </properties>
              </test-case>
              <test-case id="1003" name="NewAffixes_RowsValid_AndSlotRestriction" fullname="Game.Tests.EditMode.AffixApplicabilityTests.NewAffixes_RowsValid_AndSlotRestriction" methodname="NewAffixes_RowsValid_AndSlotRestriction" classname="Game.Tests.EditMode.AffixApplicabilityTests" runstate="Runnable" seed="287625125" result="Passed" start-time="2026-09-09 08:42:01Z" end-time="2026-09-09 08:42:01Z" duration="0.001345" asserts="0">
                <properties>
                  <property name="retryIteration" value="0" />
                  <property name="repeatIteration" value="0" />
                </properties>
              </test-case>
              <test-case id="1006" name="NoAffix_WithZeroApplicableSlots" fullname="Game.Tests.EditMode.AffixApplicabilityTests.NoAffix_WithZeroApplicableSlots" methodname="NoAffix_WithZeroApplicableSlots" classname="Game.Tests.EditMode.AffixApplicabilityTests" runstate="Runnable" seed="1342096402" result="Passed" start-time="2026-09-09 08:42:01Z" end-time="2026-09-09 08:42:01Z" duration="0.000384" asserts="0">
                <properties>
                  <property name="retryIteration" value="0" />
                  <property name="repeatIteration" value="0" />
                </properties>
              </test-case>
              <test-case id="1002" name="OldAffixes_StableIds_AndAllSlotsEligible_Preserved" fullname="Game.Tests.EditMode.AffixApplicabilityTests.OldAffixes_StableIds_AndAllSlotsEligible_Preserved" methodname="OldAffixes_StableIds_AndAllSlotsEligible_Preserved" classname="Game.Tests.EditMode.AffixApplicabilityTests" runstate="Runnable" seed="1733123010" result="Passed" start-time="2026-09-09 08:42:01Z" end-time="2026-09-09 08:42:01Z" duration="0.003083" asserts="0">
                <properties>
                  <property name="retryIteration" value="0" />
                  <property name="repeatIteration" value="0" />
                </properties>
              </test-case>
              <test-case id="1011" name="ProductionReport_AffixApplicability_DerivedFromPredicate" fullname="Game.Tests.EditMode.AffixApplicabilityTests.ProductionReport_AffixApplicability_DerivedFromPredicate" methodname="ProductionReport_AffixApplicability_DerivedFromPredicate" classname="Game.Tests.EditMode.AffixApplicabilityTests" runstate="Runnable" seed="680693469" result="Passed" start-time="2026-09-09 08:42:01Z" end-time="2026-09-09 08:42:01Z" duration="0.114080" asserts="0">
                <properties>
                  <property name="retryIteration" value="0" />
                  <property name="repeatIteration" value="0" />
                </properties>
              </test-case>
              <test-case id="1007" name="RollItem_RespectsApplicability_AndDeterministic" fullname="Game.Tests.EditMode.AffixApplicabilityTests.RollItem_RespectsApplicability_AndDeterministic" methodname="RollItem_RespectsApplicability_AndDeterministic" classname="Game.Tests.EditMode.AffixApplicabilityTests" runstate="Runnable" seed="1033978453" result="Passed" start-time="2026-09-09 08:42:01Z" end-time="2026-09-09 08:42:01Z" duration="0.012293" asserts="0">
                <properties>
                  <property name="retryIteration" value="0" />
                  <property name="repeatIteration" value="0" />
                </properties>
              </test-case>
            </test-suite>
            <test-suite type="TestFixture" id="1012" name="ArenaSimTests" fullname="Game.Tests.EditMode.ArenaSimTests" classname="Game.Tests.EditMode.ArenaSimTests" runstate="Runnable" testcasecount="14" result="Passed" start-time="2026-09-09 08:42:01Z" end-time="2026-09-09 08:42:01Z" duration="0.069023" total="14" passed="14" failed="0" inconclusive="0" skipped="0" asserts="0">
              <properties />
              <test-case id="1014" name="Approach_ThenMeleeWhenInRange" fullname="Game.Tests.EditMode.ArenaSimTests.Approach_ThenMeleeWhenInRange" methodname="Approach_ThenMeleeWhenInRange" classname="Game.Tests.EditMode.ArenaSimTests" runstate="Runnable" seed="1839973185" result="Passed" start-time="2026-09-09 08:42:01Z" end-time="2026-09-09 08:42:01Z" duration="0.025083" asserts="0">
                <properties>
                  <property name="retryIteration" value="0" />
                  <property name="repeatIteration" value="0" />
                </properties>
              </test-case>
              <test-case id="1020" name="Area_SingleEvaluationHitsClusterOnly" fullname="Game.Tests.EditMode.ArenaSimTests.Area_SingleEvaluationHitsClusterOnly" methodname="Area_SingleEvaluationHitsClusterOnly" classname="Game.Tests.EditMode.ArenaSimTests" runstate="Runnable" seed="1531542319" result="Passed" start-time="2026-09-09 08:42:01Z" end-time="2026-09-09 08:42:01Z" duration="0.001326" asserts="0">
                <properties>
                  <property name="retryIteration" value="0" />
                  <property name="repeatIteration" value="0" />
                </properties>
              </test-case>
              <test-case id="1023" name="Area_TelegraphAndHitFeedbackBothPresentOnLethal" fullname="Game.Tests.EditMode.ArenaSimTests.Area_TelegraphAndHitFeedbackBothPresentOnLethal" methodname="Area_TelegraphAndHitFeedbackBothPresentOnLethal" classname="Game.Tests.EditMode.ArenaSimTests" runstate="Runnable" seed="4294652" result="Passed" start-time="2026-09-09 08:42:01Z" end-time="2026-09-09 08:42:01Z" duration="0.001738" asserts="0">
                <properties>
                  <property name="retryIteration" value="0" />
                  <property name="repeatIteration" value="0" />
                </properties>
              </test-case>
              <test-case id="1013" name="ClickMove_ReachesDestination" fullname="Game.Tests.EditMode.ArenaSimTests.ClickMove_ReachesDestination" methodname="ClickMove_ReachesDestination" classname="Game.Tests.EditMode.ArenaSimTests" runstate="Runnable" seed="1825465425" result="Passed" start-time="2026-09-09 08:42:01Z" end-time="2026-09-09 08:42:01Z" duration="0.002879" asserts="0">
                <properties>
                  <property name="retryIteration" value="0" />
                  <property name="repeatIteration" value="0" />
                </properties>
              </test-case>
              <test-case id="1025" name="FeedbackPool_ReusesSlots" fullname="Game.Tests.EditMode.ArenaSimTests.FeedbackPool_ReusesSlots" methodname="FeedbackPool_ReusesSlots" classname="Game.Tests.EditMode.ArenaSimTests" runstate="Runnable" seed="1595644344" result="Passed" start-time="2026-09-09 08:42:01Z" end-time="2026-09-09 08:42:01Z" duration="0.001159" asserts="0">
                <properties>
                  <property name="retryIteration" value="0" />
                  <property name="repeatIteration" value="0" />
                </properties>
              </test-case>
              <test-case id="1021" name="Hit_FixedDamageThenDeathRecycles" fullname="Game.Tests.EditMode.ArenaSimTests.Hit_FixedDamageThenDeathRecycles" methodname="Hit_FixedDamageThenDeathRecycles" classname="Game.Tests.EditMode.ArenaSimTests" runstate="Runnable" seed="300483920" result="Passed" start-time="2026-09-09 08:42:01Z" end-time="2026-09-09 08:42:01Z" duration="0.001921" asserts="0">
                <properties>
                  <property name="retryIteration" value="0" />
                  <property name="repeatIteration" value="0" />
                </properties>
              </test-case>
              <test-case id="1022" name="Melee_CastAndHitFeedbackBothPresent" fullname="Game.Tests.EditMode.ArenaSimTests.Melee_CastAndHitFeedbackBothPresent" methodname="Melee_CastAndHitFeedbackBothPresent" classname="Game.Tests.EditMode.ArenaSimTests" runstate="Runnable" seed="951968117" result="Passed" start-time="2026-09-09 08:42:01Z" end-time="2026-09-09 08:42:01Z" duration="0.001080" asserts="0">
                <properties>
                  <property name="retryIteration" value="0" />
                  <property name="repeatIteration" value="0" />
                </properties>
              </test-case>
              <test-case id="1018" name="Melee_HitsInFrontCone" fullname="Game.Tests.EditMode.ArenaSimTests.Melee_HitsInFrontCone" methodname="Melee_HitsInFrontCone" classname="Game.Tests.EditMode.ArenaSimTests" runstate="Runnable" seed="1269163416" result="Passed" start-time="2026-09-09 08:42:01Z" end-time="2026-09-09 08:42:01Z" duration="0.001640" asserts="0">
                <properties>
                  <property name="retryIteration" value="0" />
                  <property name="repeatIteration" value="0" />
                </properties>
              </test-case>
              <test-case id="1015" name="Melee_MissesOutOfRangeIfForcedResolve" fullname="Game.Tests.EditMode.ArenaSimTests.Melee_MissesOutOfRangeIfForcedResolve" methodname="Melee_MissesOutOfRangeIfForcedResolve" classname="Game.Tests.EditMode.ArenaSimTests" runstate="Runnable" seed="1549770012" result="Passed" start-time="2026-09-09 08:42:01Z" end-time="2026-09-09 08:42:01Z" duration="0.002003" asserts="0">
                <properties>
                  <property name="retryIteration" value="0" />
                  <property name="repeatIteration" value="0" />
                </properties>
              </test-case>
              <test-case id="1016" name="OverlapDummy_MeleeStillHits" fullname="Game.Tests.EditMode.ArenaSimTests.OverlapDummy_MeleeStillHits" methodname="OverlapDummy_MeleeStillHits" classname="Game.Tests.EditMode.ArenaSimTests" runstate="Runnable" seed="1737862749" result="Passed" start-time="2026-09-09 08:42:01Z" end-time="2026-09-09 08:42:01Z" duration="0.002550" asserts="0">
                <properties>
                  <property name="retryIteration" value="0" />
                  <property name="repeatIteration" value="0" />
                </properties>
              </test-case>
              <test-case id="1017" name="PlayerWalksOntoDummyCell" fullname="Game.Tests.EditMode.ArenaSimTests.PlayerWalksOntoDummyCell" methodname="PlayerWalksOntoDummyCell" classname="Game.Tests.EditMode.ArenaSimTests" runstate="Runnable" seed="1065081681" result="Passed" start-time="2026-09-09 08:42:01Z" end-time="2026-09-09 08:42:01Z" duration="0.001523" asserts="0">
                <properties>
                  <property name="retryIteration" value="0" />
                  <property name="repeatIteration" value="0" />
                </properties>
              </test-case>
              <test-case id="1024" name="Projectile_HitSpawnsFeedback" fullname="Game.Tests.EditMode.ArenaSimTests.Projectile_HitSpawnsFeedback" methodname="Projectile_HitSpawnsFeedback" classname="Game.Tests.EditMode.ArenaSimTests" runstate="Runnable" seed="1831567512" result="Passed" start-time="2026-09-09 08:42:01Z" end-time="2026-09-09 08:42:01Z" duration="0.002286" asserts="0">
                <properties>
                  <property name="retryIteration" value="0" />
                  <property name="repeatIteration" value="0" />
                </properties>
              </test-case>
              <test-case id="1019" name="Projectile_MovesKinematicAndHits" fullname="Game.Tests.EditMode.ArenaSimTests.Projectile_MovesKinematicAndHits" methodname="Projectile_MovesKinematicAndHits" classname="Game.Tests.EditMode.ArenaSimTests" runstate="Runnable" seed="2035432515" result="Passed" start-time="2026-09-09 08:42:01Z" end-time="2026-09-09 08:42:01Z" duration="0.001919" asserts="0">
                <properties>
                  <property name="retryIteration" value="0" />
                  <property name="repeatIteration" value="0" />
                </properties>
              </test-case>
              <test-case id="1026" name="ThreeSkills_ShareCastPipeline" fullname="Game.Tests.EditMode.ArenaSimTests.ThreeSkills_ShareCastPipeline" methodname="ThreeSkills_ShareCastPipeline" classname="Game.Tests.EditMode.ArenaSimTests" runstate="Runnable" seed="2139768404" result="Passed" start-time="2026-09-09 08:42:01Z" end-time="2026-09-09 08:42:01Z" duration="0.002402" asserts="0">
                <properties>
                  <property name="retryIteration" value="0" />
                  <property name="repeatIteration" value="0" />
                </properties>
              </test-case>
            </test-suite>
            <test-suite type="TestFixture" id="1027" name="AshlingVisualContractTests" fullname="Game.Tests.EditMode.AshlingVisualContractTests" classname="Game.Tests.EditMode.AshlingVisualContractTests" runstate="Runnable" testcasecount="8" result="Passed" start-time="2026-09-09 08:42:01Z" end-time="2026-09-09 08:42:01Z" duration="0.102546" total="8" passed="8" failed="0" inconclusive="0" skipped="0" asserts="0">
              <properties />
              <test-case id="1028" name="Catalog_AshlingMapsGargoyleVisual" fullname="Game.Tests.EditMode.AshlingVisualContractTests.Catalog_AshlingMapsGargoyleVisual" methodname="Catalog_AshlingMapsGargoyleVisual" classname="Game.Tests.EditMode.AshlingVisualContractTests" runstate="Runnable" seed="1640333173" result="Passed" start-time="2026-09-09 08:42:01Z" end-time="2026-09-09 08:42:01Z" duration="0.003814" asserts="0">
                <properties>
                  <property name="retryIteration" value="0" />
                  <property name="repeatIteration" value="0" />
                </properties>
              </test-case>
              <test-case id="1035" name="GameplayConstants_Guard" fullname="Game.Tests.EditMode.AshlingVisualContractTests.GameplayConstants_Guard" methodname="GameplayConstants_Guard" classname="Game.Tests.EditMode.AshlingVisualContractTests" runstate="Runnable" seed="1685726526" result="Passed" start-time="2026-09-09 08:42:01Z" end-time="2026-09-09 08:42:01Z" duration="0.001717" asserts="0">
                <properties>
                  <property name="retryIteration" value="0" />
                  <property name="repeatIteration" value="0" />
                </properties>
              </test-case>
              <test-case id="1031" name="GargoyleVisual_Animator_FiveStatesAndNoRootMotion" fullname="Game.Tests.EditMode.AshlingVisualContractTests.GargoyleVisual_Animator_FiveStatesAndNoRootMotion" methodname="GargoyleVisual_Animator_FiveStatesAndNoRootMotion" classname="Game.Tests.EditMode.AshlingVisualContractTests" runstate="Runnable" seed="2133795168" result="Passed" start-time="2026-09-09 08:42:01Z" end-time="2026-09-09 08:42:01Z" duration="0.015046" asserts="0">
                <properties>
                  <property name="retryIteration" value="0" />
                  <property name="repeatIteration" value="0" />
                </properties>
              </test-case>
              <test-case id="1030" name="GargoyleVisual_ComponentAudit_VisualOnly" fullname="Game.Tests.EditMode.AshlingVisualContractTests.GargoyleVisual_ComponentAudit_VisualOnly" methodname="GargoyleVisual_ComponentAudit_VisualOnly" classname="Game.Tests.EditMode.AshlingVisualContractTests" runstate="Runnable" seed="1324220814" result="Passed" start-time="2026-09-09 08:42:01Z" end-time="2026-09-09 08:42:01Z" duration="0.011091" asserts="0">
                <properties>
                  <property name="retryIteration" value="0" />
                  <property name="repeatIteration" value="0" />
                </properties>
              </test-case>
              <test-case id="1029" name="GargoyleVisual_LoadsAtContractPath" fullname="Game.Tests.EditMode.AshlingVisualContractTests.GargoyleVisual_LoadsAtContractPath" methodname="GargoyleVisual_LoadsAtContractPath" classname="Game.Tests.EditMode.AshlingVisualContractTests" runstate="Runnable" seed="1952853542" result="Passed" start-time="2026-09-09 08:42:01Z" end-time="2026-09-09 08:42:01Z" duration="0.001876" asserts="0">
                <properties>
                  <property name="retryIteration" value="0" />
                  <property name="repeatIteration" value="0" />
                </properties>
              </test-case>
              <test-case id="1032" name="GargoyleVisual_WrapperScale_FinitePositive_MidThreat" fullname="Game.Tests.EditMode.AshlingVisualContractTests.GargoyleVisual_WrapperScale_FinitePositive_MidThreat" methodname="GargoyleVisual_WrapperScale_FinitePositive_MidThreat" classname="Game.Tests.EditMode.AshlingVisualContractTests" runstate="Runnable" seed="1575823069" result="Passed" start-time="2026-09-09 08:42:01Z" end-time="2026-09-09 08:42:01Z" duration="0.006651" asserts="0">
                <properties>
                  <property name="retryIteration" value="0" />
                  <property name="repeatIteration" value="0" />
                </properties>
              </test-case>
              <test-case id="1034" name="Presenter_Feedback_SupportsGargoyleMaterials_AndRestoresExactly" fullname="Game.Tests.EditMode.AshlingVisualContractTests.Presenter_Feedback_SupportsGargoyleMaterials_AndRestoresExactly" methodname="Presenter_Feedback_SupportsGargoyleMaterials_AndRestoresExactly" classname="Game.Tests.EditMode.AshlingVisualContractTests" runstate="Runnable" seed="1260413030" result="Passed" start-time="2026-09-09 08:42:01Z" end-time="2026-09-09 08:42:01Z" duration="0.040109" asserts="0">
                <properties>
                  <property name="retryIteration" value="0" />
                  <property name="repeatIteration" value="0" />
                </properties>
              </test-case>
              <test-case id="1033" name="Presenter_Mount_PreservesPrefabScale_AndGameplayRootUnchanged" fullname="Game.Tests.EditMode.AshlingVisualContractTests.Presenter_Mount_PreservesPrefabScale_AndGameplayRootUnchanged" methodname="Presenter_Mount_PreservesPrefabScale_AndGameplayRootUnchanged" classname="Game.Tests.EditMode.AshlingVisualContractTests" runstate="Runnable" seed="1921577261" result="Passed" start-time="2026-09-09 08:42:01Z" end-time="2026-09-09 08:42:01Z" duration="0.004753" asserts="0">
                <properties>
                  <property name="retryIteration" value="0" />
                  <property name="repeatIteration" value="0" />
                </properties>
              </test-case>
            </test-suite>
            <test-suite type="TestFixture" id="1036" name="BruceArtTrialTests" fullname="Game.Tests.EditMode.BruceArtTrialTests" classname="Game.Tests.EditMode.BruceArtTrialTests" runstate="Runnable" testcasecount="10" result="Passed" start-time="2026-09-09 08:42:01Z" end-time="2026-09-09 08:42:01Z" duration="0.108094" total="10" passed="10" failed="0" inconclusive="0" skipped="0" asserts="0">
              <properties />
              <test-case id="1046" name="Bruce_NoResourcesFolder_NoVendorPrefab" fullname="Game.Tests.EditMode.BruceArtTrialTests.Bruce_NoResourcesFolder_NoVendorPrefab" methodname="Bruce_NoResourcesFolder_NoVendorPrefab" classname="Game.Tests.EditMode.BruceArtTrialTests" runstate="Runnable" seed="1445475006" result="Passed" start-time="2026-09-09 08:42:01Z" end-time="2026-09-09 08:42:01Z" duration="0.005214" asserts="0">
                <properties>
                  <property name="retryIteration" value="0" />
                  <property name="repeatIteration" value="0" />
                </properties>
              </test-case>
              <test-case id="1044" name="Bruce_SourceHierarchy_StableClips" fullname="Game.Tests.EditMode.BruceArtTrialTests.Bruce_SourceHierarchy_StableClips" methodname="Bruce_SourceHierarchy_StableClips" classname="Game.Tests.EditMode.BruceArtTrialTests" runstate="Runnable" seed="1799850684" result="Passed" start-time="2026-09-09 08:42:01Z" end-time="2026-09-09 08:42:01Z" duration="0.025368" asserts="0">
                <properties>
                  <property name="retryIteration" value="0" />
                  <property name="repeatIteration" value="0" />
                </properties>
              </test-case>
              <test-case id="1045" name="Bruce_Textures_Default2D_512" fullname="Game.Tests.EditMode.BruceArtTrialTests.Bruce_Textures_Default2D_512" methodname="Bruce_Textures_Default2D_512" classname="Game.Tests.EditMode.BruceArtTrialTests" runstate="Runnable" seed="763356093" result="Passed" start-time="2026-09-09 08:42:01Z" end-time="2026-09-09 08:42:01Z" duration="0.007690" asserts="0">
                <properties>
                  <property name="retryIteration" value="0" />
                  <property name="repeatIteration" value="0" />
                </properties>
              </test-case>
              <test-case id="1043" name="BruceTrial_AnimatorReferences_Valid" fullname="Game.Tests.EditMode.BruceArtTrialTests.BruceTrial_AnimatorReferences_Valid" methodname="BruceTrial_AnimatorReferences_Valid" classname="Game.Tests.EditMode.BruceArtTrialTests" runstate="Runnable" seed="1736582855" result="Passed" start-time="2026-09-09 08:42:01Z" end-time="2026-09-09 08:42:01Z" duration="0.010402" asserts="0">
                <properties>
                  <property name="retryIteration" value="0" />
                  <property name="repeatIteration" value="0" />
                </properties>
              </test-case>
              <test-case id="1042" name="BruceTrial_Materials_UrpLit_NoErrorShader" fullname="Game.Tests.EditMode.BruceArtTrialTests.BruceTrial_Materials_UrpLit_NoErrorShader" methodname="BruceTrial_Materials_UrpLit_NoErrorShader" classname="Game.Tests.EditMode.BruceArtTrialTests" runstate="Runnable" seed="1546699245" result="Passed" start-time="2026-09-09 08:42:01Z" end-time="2026-09-09 08:42:01Z" duration="0.006468" asserts="0">
                <properties>
                  <property name="retryIteration" value="0" />
                  <property name="repeatIteration" value="0" />
                </properties>
              </test-case>
              <test-case id="1041" name="BruceTrial_NoGameplayComponents_NoVendorScripts" fullname="Game.Tests.EditMode.BruceArtTrialTests.BruceTrial_NoGameplayComponents_NoVendorScripts" methodname="BruceTrial_NoGameplayComponents_NoVendorScripts" classname="Game.Tests.EditMode.BruceArtTrialTests" runstate="Runnable" seed="1722526952" result="Passed" start-time="2026-09-09 08:42:01Z" end-time="2026-09-09 08:42:01Z" duration="0.012811" asserts="0">
                <properties>
                  <property name="retryIteration" value="0" />
                  <property name="repeatIteration" value="0" />
                </properties>
              </test-case>
              <test-case id="1038" name="BruceTrial_NoMissingScripts" fullname="Game.Tests.EditMode.BruceArtTrialTests.BruceTrial_NoMissingScripts" methodname="BruceTrial_NoMissingScripts" classname="Game.Tests.EditMode.BruceArtTrialTests" runstate="Runnable" seed="434443329" result="Passed" start-time="2026-09-09 08:42:01Z" end-time="2026-09-09 08:42:01Z" duration="0.008373" asserts="0">
                <properties>
                  <property name="retryIteration" value="0" />
                  <property name="repeatIteration" value="0" />
                </properties>
              </test-case>
              <test-case id="1037" name="BruceTrial_PrefabLoads" fullname="Game.Tests.EditMode.BruceArtTrialTests.BruceTrial_PrefabLoads" methodname="BruceTrial_PrefabLoads" classname="Game.Tests.EditMode.BruceArtTrialTests" runstate="Runnable" seed="612496566" result="Passed" start-time="2026-09-09 08:42:01Z" end-time="2026-09-09 08:42:01Z" duration="0.001184" asserts="0">
                <properties>
                  <property name="retryIteration" value="0" />
                  <property name="repeatIteration" value="0" />
                </properties>
              </test-case>
              <test-case id="1039" name="BruceTrial_RequiredRenderers_Present" fullname="Game.Tests.EditMode.BruceArtTrialTests.BruceTrial_RequiredRenderers_Present" methodname="BruceTrial_RequiredRenderers_Present" classname="Game.Tests.EditMode.BruceArtTrialTests" runstate="Runnable" seed="1734386259" result="Passed" start-time="2026-09-09 08:42:01Z" end-time="2026-09-09 08:42:01Z" duration="0.002345" asserts="0">
                <properties>
                  <property name="retryIteration" value="0" />
                  <property name="repeatIteration" value="0" />
                </properties>
              </test-case>
              <test-case id="1040" name="BruceTrial_WrapperScale_FinitePositive_BossHeight" fullname="Game.Tests.EditMode.BruceArtTrialTests.BruceTrial_WrapperScale_FinitePositive_BossHeight" methodname="BruceTrial_WrapperScale_FinitePositive_BossHeight" classname="Game.Tests.EditMode.BruceArtTrialTests" runstate="Runnable" seed="1685613663" result="Passed" start-time="2026-09-09 08:42:01Z" end-time="2026-09-09 08:42:01Z" duration="0.001676" asserts="0">
                <properties>
                  <property name="retryIteration" value="0" />
                  <property name="repeatIteration" value="0" />
                </properties>
              </test-case>
            </test-suite>
            <test-suite type="TestFixture" id="1047" name="BruceVisualContractTests" fullname="Game.Tests.EditMode.BruceVisualContractTests" classname="Game.Tests.EditMode.BruceVisualContractTests" runstate="Runnable" testcasecount="7" result="Passed" start-time="2026-09-09 08:42:01Z" end-time="2026-09-09 08:42:01Z" duration="0.017750" total="7" passed="7" failed="0" inconclusive="0" skipped="0" asserts="0">
              <properties />
              <test-case id="1050" name="BruceVisual_Animator_SixStatesAndNoRootMotion" fullname="Game.Tests.EditMode.BruceVisualContractTests.BruceVisual_Animator_SixStatesAndNoRootMotion" methodname="BruceVisual_Animator_SixStatesAndNoRootMotion" classname="Game.Tests.EditMode.BruceVisualContractTests" runstate="Runnable" seed="779448059" result="Passed" start-time="2026-09-09 08:42:01Z" end-time="2026-09-09 08:42:01Z" duration="0.001099" asserts="0">
                <properties>
                  <property name="retryIteration" value="0" />
                  <property name="repeatIteration" value="0" />
                </properties>
              </test-case>
              <test-case id="1049" name="BruceVisual_ComponentAudit_VisualOnly" fullname="Game.Tests.EditMode.BruceVisualContractTests.BruceVisual_ComponentAudit_VisualOnly" methodname="BruceVisual_ComponentAudit_VisualOnly" classname="Game.Tests.EditMode.BruceVisualContractTests" runstate="Runnable" seed="1034756970" result="Passed" start-time="2026-09-09 08:42:01Z" end-time="2026-09-09 08:42:01Z" duration="0.000834" asserts="0">
                <properties>
                  <property name="retryIteration" value="0" />
                  <property name="repeatIteration" value="0" />
                </properties>
              </test-case>
              <test-case id="1048" name="BruceVisual_LoadsAtContractPath" fullname="Game.Tests.EditMode.BruceVisualContractTests.BruceVisual_LoadsAtContractPath" methodname="BruceVisual_LoadsAtContractPath" classname="Game.Tests.EditMode.BruceVisualContractTests" runstate="Runnable" seed="1141193586" result="Passed" start-time="2026-09-09 08:42:01Z" end-time="2026-09-09 08:42:01Z" duration="0.000229" asserts="0">
                <properties>
                  <property name="retryIteration" value="0" />
                  <property name="repeatIteration" value="0" />
                </properties>
              </test-case>
              <test-case id="1051" name="BruceVisual_WrapperScale_FinitePositive_BossHeight" fullname="Game.Tests.EditMode.BruceVisualContractTests.BruceVisual_WrapperScale_FinitePositive_BossHeight" methodname="BruceVisual_WrapperScale_FinitePositive_BossHeight" classname="Game.Tests.EditMode.BruceVisualContractTests" runstate="Runnable" seed="521865316" result="Passed" start-time="2026-09-09 08:42:01Z" end-time="2026-09-09 08:42:01Z" duration="0.000439" asserts="0">
                <properties>
                  <property name="retryIteration" value="0" />
                  <property name="repeatIteration" value="0" />
                </properties>
              </test-case>
              <test-case id="1054" name="GameplayConstants_Guard" fullname="Game.Tests.EditMode.BruceVisualContractTests.GameplayConstants_Guard" methodname="GameplayConstants_Guard" classname="Game.Tests.EditMode.BruceVisualContractTests" runstate="Runnable" seed="1271696670" result="Passed" start-time="2026-09-09 08:42:01Z" end-time="2026-09-09 08:42:01Z" duration="0.000275" asserts="0">
                <properties>
                  <property name="retryIteration" value="0" />
                  <property name="repeatIteration" value="0" />
                </properties>
              </test-case>
              <test-case id="1053" name="Presenter_Feedback_SupportsBruceMaterials_AndRestoresExactly" fullname="Game.Tests.EditMode.BruceVisualContractTests.Presenter_Feedback_SupportsBruceMaterials_AndRestoresExactly" methodname="Presenter_Feedback_SupportsBruceMaterials_AndRestoresExactly" classname="Game.Tests.EditMode.BruceVisualContractTests" runstate="Runnable" seed="1956090998" result="Passed" start-time="2026-09-09 08:42:01Z" end-time="2026-09-09 08:42:01Z" duration="0.006678" asserts="0">
                <properties>
                  <property name="retryIteration" value="0" />
                  <property name="repeatIteration" value="0" />
                </properties>
              </test-case>
              <test-case id="1052" name="Presenter_Mount_PreservesPrefabScale_AndGameplayRootUnchanged" fullname="Game.Tests.EditMode.BruceVisualContractTests.Presenter_Mount_PreservesPrefabScale_AndGameplayRootUnchanged" methodname="Presenter_Mount_PreservesPrefabScale_AndGameplayRootUnchanged" classname="Game.Tests.EditMode.BruceVisualContractTests" runstate="Runnable" seed="2131809991" result="Passed" start-time="2026-09-09 08:42:01Z" end-time="2026-09-09 08:42:01Z" duration="0.005782" asserts="0">
                <properties>
                  <property name="retryIteration" value="0" />
                  <property name="repeatIteration" value="0" />
                </properties>
              </test-case>
            </test-suite>
            <test-suite type="TestFixture" id="1055" name="BuildSettingsContractTests" fullname="Game.Tests.EditMode.BuildSettingsContractTests" classname="Game.Tests.EditMode.BuildSettingsContractTests" runstate="Runnable" testcasecount="2" result="Passed" start-time="2026-09-09 08:42:01Z" end-time="2026-09-09 08:42:01Z" duration="0.015561" total="2" passed="2" failed="0" inconclusive="0" skipped="0" asserts="0">
              <properties />
              <test-case id="1057" name="BuildScenes_EnabledNoDuplicates_NoEnabledMissingAsset_BootstrapArenaEachOnce" fullname="Game.Tests.EditMode.BuildSettingsContractTests.BuildScenes_EnabledNoDuplicates_NoEnabledMissingAsset_BootstrapArenaEachOnce" methodname="BuildScenes_EnabledNoDuplicates_NoEnabledMissingAsset_BootstrapArenaEachOnce" classname="Game.Tests.EditMode.BuildSettingsContractTests" runstate="Runnable" seed="123024483" result="Passed" start-time="2026-09-09 08:42:01Z" end-time="2026-09-09 08:42:01Z" duration="0.000984" asserts="0">
                <properties>
                  <property name="retryIteration" value="0" />
                  <property name="repeatIteration" value="0" />
                </properties>
              </test-case>
              <test-case id="1056" name="BuildScenes_Index0IsBootstrap_Index1IsArena_Enabled_AndAssetsExist" fullname="Game.Tests.EditMode.BuildSettingsContractTests.BuildScenes_Index0IsBootstrap_Index1IsArena_Enabled_AndAssetsExist" methodname="BuildScenes_Index0IsBootstrap_Index1IsArena_Enabled_AndAssetsExist" classname="Game.Tests.EditMode.BuildSettingsContractTests" runstate="Runnable" seed="1049604740" result="Passed" start-time="2026-09-09 08:42:01Z" end-time="2026-09-09 08:42:01Z" duration="0.000491" asserts="0">
                <properties>
                  <property name="retryIteration" value="0" />
                  <property name="repeatIteration" value="0" />
                </properties>
              </test-case>
            </test-suite>
            <test-suite type="TestFixture" id="1058" name="CombatMathTests" fullname="Game.Tests.EditMode.CombatMathTests" classname="Game.Tests.EditMode.CombatMathTests" runstate="Runnable" testcasecount="22" result="Passed" start-time="2026-09-09 08:42:01Z" end-time="2026-09-09 08:42:01Z" duration="0.007404" total="22" passed="22" failed="0" inconclusive="0" skipped="0" asserts="0">
              <properties />
              <test-case id="1066" name="GV_ARMOUR_001_Half" fullname="Game.Tests.EditMode.CombatMathTests.GV_ARMOUR_001_Half" methodname="GV_ARMOUR_001_Half" classname="Game.Tests.EditMode.CombatMathTests" runstate="Runnable" seed="1543412259" result="Passed" start-time="2026-09-09 08:42:01Z" end-time="2026-09-09 08:42:01Z" duration="0.000216" asserts="0">
                <properties>
                  <property name="retryIteration" value="0" />
                  <property name="repeatIteration" value="0" />
                </properties>
              </test-case>
              <test-case id="1067" name="GV_ARMOUR_002_Cap90" fullname="Game.Tests.EditMode.CombatMathTests.GV_ARMOUR_002_Cap90" methodname="GV_ARMOUR_002_Cap90" classname="Game.Tests.EditMode.CombatMathTests" runstate="Runnable" seed="2086310348" result="Passed" start-time="2026-09-09 08:42:01Z" end-time="2026-09-09 08:42:01Z" duration="0.000130" asserts="0">
                <properties>
                  <property name="retryIteration" value="0" />
                  <property name="repeatIteration" value="0" />
                </properties>
              </test-case>
              <test-case id="1068" name="GV_ARMOUR_003_ZeroArmour" fullname="Game.Tests.EditMode.CombatMathTests.GV_ARMOUR_003_ZeroArmour" methodname="GV_ARMOUR_003_ZeroArmour" classname="Game.Tests.EditMode.CombatMathTests" runstate="Runnable" seed="2044209172" result="Passed" start-time="2026-09-09 08:42:01Z" end-time="2026-09-09 08:42:01Z" duration="0.000116" asserts="0">
                <properties>
                  <property name="retryIteration" value="0" />
                  <property name="repeatIteration" value="0" />
                </properties>
              </test-case>
              <test-case id="1072" name="GV_CONV_001_FiftyNoInc" fullname="Game.Tests.EditMode.CombatMathTests.GV_CONV_001_FiftyNoInc" methodname="GV_CONV_001_FiftyNoInc" classname="Game.Tests.EditMode.CombatMathTests" runstate="Runnable" seed="1707956797" result="Passed" start-time="2026-09-09 08:42:01Z" end-time="2026-09-09 08:42:01Z" duration="0.000618" asserts="0">
                <properties>
                  <property name="retryIteration" value="0" />
                  <property name="repeatIteration" value="0" />
                </properties>
              </test-case>
              <test-case id="1073" name="GV_CONV_002_ConvertedGetsBothIncreased" fullname="Game.Tests.EditMode.CombatMathTests.GV_CONV_002_ConvertedGetsBothIncreased" methodname="GV_CONV_002_ConvertedGetsBothIncreased" classname="Game.Tests.EditMode.CombatMathTests" runstate="Runnable" seed="1823093480" result="Passed" start-time="2026-09-09 08:42:01Z" end-time="2026-09-09 08:42:01Z" duration="0.000174" asserts="0">
                <properties>
                  <property name="retryIteration" value="0" />
                  <property name="repeatIteration" value="0" />
                </properties>
              </test-case>
              <test-case id="1074" name="GV_CONV_003_FullConvert" fullname="Game.Tests.EditMode.CombatMathTests.GV_CONV_003_FullConvert" methodname="GV_CONV_003_FullConvert" classname="Game.Tests.EditMode.CombatMathTests" runstate="Runnable" seed="816336970" result="Passed" start-time="2026-09-09 08:42:01Z" end-time="2026-09-09 08:42:01Z" duration="0.000157" asserts="0">
                <properties>
                  <property name="retryIteration" value="0" />
                  <property name="repeatIteration" value="0" />
                </properties>
              </test-case>
              <test-case id="1064" name="GV_CRIT_001_Chance" fullname="Game.Tests.EditMode.CombatMathTests.GV_CRIT_001_Chance" methodname="GV_CRIT_001_Chance" classname="Game.Tests.EditMode.CombatMathTests" runstate="Runnable" seed="510839238" result="Passed" start-time="2026-09-09 08:42:01Z" end-time="2026-09-09 08:42:01Z" duration="0.000111" asserts="0">
                <properties>
                  <property name="retryIteration" value="0" />
                  <property name="repeatIteration" value="0" />
                </properties>
              </test-case>
              <test-case id="1065" name="GV_CRIT_002_Damage" fullname="Game.Tests.EditMode.CombatMathTests.GV_CRIT_002_Damage" methodname="GV_CRIT_002_Damage" classname="Game.Tests.EditMode.CombatMathTests" runstate="Runnable" seed="2004449434" result="Passed" start-time="2026-09-09 08:42:01Z" end-time="2026-09-09 08:42:01Z" duration="0.000149" asserts="0">
                <properties>
                  <property name="retryIteration" value="0" />
                  <property name="repeatIteration" value="0" />
                </properties>
              </test-case>
              <test-case id="1076" name="GV_FULL_001_PhysHitVsArmour" fullname="Game.Tests.EditMode.CombatMathTests.GV_FULL_001_PhysHitVsArmour" methodname="GV_FULL_001_PhysHitVsArmour" classname="Game.Tests.EditMode.CombatMathTests" runstate="Runnable" seed="1940936822" result="Passed" start-time="2026-09-09 08:42:01Z" end-time="2026-09-09 08:42:01Z" duration="0.000215" asserts="0">
                <properties>
                  <property name="retryIteration" value="0" />
                  <property name="repeatIteration" value="0" />
                </properties>
              </test-case>
              <test-case id="1077" name="GV_FULL_002_Miss" fullname="Game.Tests.EditMode.CombatMathTests.GV_FULL_002_Miss" methodname="GV_FULL_002_Miss" classname="Game.Tests.EditMode.CombatMathTests" runstate="Runnable" seed="2007882189" result="Passed" start-time="2026-09-09 08:42:01Z" end-time="2026-09-09 08:42:01Z" duration="0.000322" asserts="0">
                <properties>
                  <property name="retryIteration" value="0" />
                  <property name="repeatIteration" value="0" />
                </properties>
              </test-case>
              <test-case id="1078" name="GV_FULL_003_CritFireIgnite" fullname="Game.Tests.EditMode.CombatMathTests.GV_FULL_003_CritFireIgnite" methodname="GV_FULL_003_CritFireIgnite" classname="Game.Tests.EditMode.CombatMathTests" runstate="Runnable" seed="388916536" result="Passed" start-time="2026-09-09 08:42:01Z" end-time="2026-09-09 08:42:01Z" duration="0.000297" asserts="0">
                <properties>
                  <property name="retryIteration" value="0" />
                  <property name="repeatIteration" value="0" />
                </properties>
              </test-case>
              <test-case id="1061" name="GV_HIT_001_NoEvasionAlwaysHits" fullname="Game.Tests.EditMode.CombatMathTests.GV_HIT_001_NoEvasionAlwaysHits" methodname="GV_HIT_001_NoEvasionAlwaysHits" classname="Game.Tests.EditMode.CombatMathTests" runstate="Runnable" seed="1550519235" result="Passed" start-time="2026-09-09 08:42:01Z" end-time="2026-09-09 08:42:01Z" duration="0.000138" asserts="0">
                <properties>
                  <property name="retryIteration" value="0" />
                  <property name="repeatIteration" value="0" />
                </properties>
              </test-case>
              <test-case id="1062" name="GV_HIT_002_NoAccuracyMinFive" fullname="Game.Tests.EditMode.CombatMathTests.GV_HIT_002_NoAccuracyMinFive" methodname="GV_HIT_002_NoAccuracyMinFive" classname="Game.Tests.EditMode.CombatMathTests" runstate="Runnable" seed="422788595" result="Passed" start-time="2026-09-09 08:42:01Z" end-time="2026-09-09 08:42:01Z" duration="0.000142" asserts="0">
                <properties>
                  <property name="retryIteration" value="0" />
                  <property name="repeatIteration" value="0" />
                </properties>
              </test-case>
              <test-case id="1063" name="GV_HIT_003_Acc1000_Eva5000" fullname="Game.Tests.EditMode.CombatMathTests.GV_HIT_003_Acc1000_Eva5000" methodname="GV_HIT_003_Acc1000_Eva5000" classname="Game.Tests.EditMode.CombatMathTests" runstate="Runnable" seed="2098151731" result="Passed" start-time="2026-09-09 08:42:01Z" end-time="2026-09-09 08:42:01Z" duration="0.000179" asserts="0">
                <properties>
                  <property name="retryIteration" value="0" />
                  <property name="repeatIteration" value="0" />
                </properties>
              </test-case>
              <test-case id="1075" name="GV_IGNITE_001_HalfFireFourSeconds" fullname="Game.Tests.EditMode.CombatMathTests.GV_IGNITE_001_HalfFireFourSeconds" methodname="GV_IGNITE_001_HalfFireFourSeconds" classname="Game.Tests.EditMode.CombatMathTests" runstate="Runnable" seed="1444739830" result="Passed" start-time="2026-09-09 08:42:01Z" end-time="2026-09-09 08:42:01Z" duration="0.000158" asserts="0">
                <properties>
                  <property name="retryIteration" value="0" />
                  <property name="repeatIteration" value="0" />
                </properties>
              </test-case>
              <test-case id="1069" name="GV_RES_001_SeventyFive" fullname="Game.Tests.EditMode.CombatMathTests.GV_RES_001_SeventyFive" methodname="GV_RES_001_SeventyFive" classname="Game.Tests.EditMode.CombatMathTests" runstate="Runnable" seed="1398202927" result="Passed" start-time="2026-09-09 08:42:01Z" end-time="2026-09-09 08:42:01Z" duration="0.000109" asserts="0">
                <properties>
                  <property name="retryIteration" value="0" />
                  <property name="repeatIteration" value="0" />
                </properties>
              </test-case>
              <test-case id="1070" name="GV_RES_002_Negative" fullname="Game.Tests.EditMode.CombatMathTests.GV_RES_002_Negative" methodname="GV_RES_002_Negative" classname="Game.Tests.EditMode.CombatMathTests" runstate="Runnable" seed="2128885489" result="Passed" start-time="2026-09-09 08:42:01Z" end-time="2026-09-09 08:42:01Z" duration="0.000094" asserts="0">
                <properties>
                  <property name="retryIteration" value="0" />
                  <property name="repeatIteration" value="0" />
                </properties>
              </test-case>
              <test-case id="1071" name="GV_RES_003_Cap90" fullname="Game.Tests.EditMode.CombatMathTests.GV_RES_003_Cap90" methodname="GV_RES_003_Cap90" classname="Game.Tests.EditMode.CombatMathTests" runstate="Runnable" seed="294044082" result="Passed" start-time="2026-09-09 08:42:01Z" end-time="2026-09-09 08:42:01Z" duration="0.000102" asserts="0">
                <properties>
                  <property name="retryIteration" value="0" />
                  <property name="repeatIteration" value="0" />
                </properties>
              </test-case>
              <test-case id="1059" name="GV_STAT_001_IncreasedAndMore" fullname="Game.Tests.EditMode.CombatMathTests.GV_STAT_001_IncreasedAndMore" methodname="GV_STAT_001_IncreasedAndMore" classname="Game.Tests.EditMode.CombatMathTests" runstate="Runnable" seed="2001813626" result="Passed" start-time="2026-09-09 08:42:01Z" end-time="2026-09-09 08:42:01Z" duration="0.000101" asserts="0">
                <properties>
                  <property name="retryIteration" value="0" />
                  <property name="repeatIteration" value="0" />
                </properties>
              </test-case>
              <test-case id="1060" name="GV_STAT_002_IncreasedFloor" fullname="Game.Tests.EditMode.CombatMathTests.GV_STAT_002_IncreasedFloor" methodname="GV_STAT_002_IncreasedFloor" classname="Game.Tests.EditMode.CombatMathTests" runstate="Runnable" seed="917442248" result="Passed" start-time="2026-09-09 08:42:01Z" end-time="2026-09-09 08:42:01Z" duration="0.000097" asserts="0">
                <properties>
                  <property name="retryIteration" value="0" />
                  <property name="repeatIteration" value="0" />
                </properties>
              </test-case>
              <test-case id="1079" name="StatBag_TagFilter" fullname="Game.Tests.EditMode.CombatMathTests.StatBag_TagFilter" methodname="StatBag_TagFilter" classname="Game.Tests.EditMode.CombatMathTests" runstate="Runnable" seed="1418126093" result="Passed" start-time="2026-09-09 08:42:01Z" end-time="2026-09-09 08:42:01Z" duration="0.000186" asserts="0">
                <properties>
                  <property name="retryIteration" value="0" />
                  <property name="repeatIteration" value="0" />
                </properties>
              </test-case>
              <test-case id="1080" name="Trigger_DepthCapAndCooldown" fullname="Game.Tests.EditMode.CombatMathTests.Trigger_DepthCapAndCooldown" methodname="Trigger_DepthCapAndCooldown" classname="Game.Tests.EditMode.CombatMathTests" runstate="Runnable" seed="1779941756" result="Passed" start-time="2026-09-09 08:42:01Z" end-time="2026-09-09 08:42:01Z" duration="0.000554" asserts="0">
                <properties>
                  <property name="retryIteration" value="0" />
                  <property name="repeatIteration" value="0" />
                </properties>
              </test-case>
            </test-suite>
            <test-suite type="TestFixture" id="1081" name="ContentAuditFailsafeTests" fullname="Game.Tests.EditMode.ContentAuditFailsafeTests" classname="Game.Tests.EditMode.ContentAuditFailsafeTests" runstate="Runnable" testcasecount="8" result="Passed" start-time="2026-09-09 08:42:01Z" end-time="2026-09-09 08:42:01Z" duration="0.040402" total="8" passed="8" failed="0" inconclusive="0" skipped="0" asserts="0">
              <properties />
              <test-case id="1088" name="Execute_CollectThrows_WritesFailSnapshot_ThenPropagates" fullname="Game.Tests.EditMode.ContentAuditFailsafeTests.Execute_CollectThrows_WritesFailSnapshot_ThenPropagates" methodname="Execute_CollectThrows_WritesFailSnapshot_ThenPropagates" classname="Game.Tests.EditMode.ContentAuditFailsafeTests" runstate="Runnable" seed="1621030299" result="Passed" start-time="2026-09-09 08:42:01Z" end-time="2026-09-09 08:42:01Z" duration="0.017037" asserts="0">
                <properties>
                  <property name="retryIteration" value="0" />
                  <property name="repeatIteration" value="0" />
                </properties>
                <output><![CDATA[[ContentAudit] 审计基础设施异常，先写 FAIL 快照再上抛（不吞异常）。intended report path: C:\Users\ZQS\AppData\Local\Temp\gamezzz_audit_failsafe_tests\infra_snapshot.md exception: NullReferenceException: synthetic infra boom
]]></output>
              </test-case>
              <test-case id="1089" name="Execute_ReportWriteFails_TestReds_NoSwallow" fullname="Game.Tests.EditMode.ContentAuditFailsafeTests.Execute_ReportWriteFails_TestReds_NoSwallow" methodname="Execute_ReportWriteFails_TestReds_NoSwallow" classname="Game.Tests.EditMode.ContentAuditFailsafeTests" runstate="Runnable" seed="1970126117" result="Passed" start-time="2026-09-09 08:42:01Z" end-time="2026-09-09 08:42:01Z" duration="0.005363" asserts="0">
                <properties>
                  <property name="retryIteration" value="0" />
                  <property name="repeatIteration" value="0" />
                </properties>
                <output><![CDATA[[ContentAudit] 审计基础设施异常，先写 FAIL 快照再上抛（不吞异常）。intended report path: C:\Users\ZQS\AppData\Local\Temp\gamezzz_audit_failsafe_tests\blocker.md\report.md exception: IOException: Cannot create 'C:\Users\ZQS\AppData\Local\Temp\gamezzz_audit_failsafe_tests\blocker.md' because a file or directory with the same name already exists.
]]></output>
              </test-case>
              <test-case id="1086" name="Finalize_FailResult_WritesRedReport_BeforeAssertThrows" fullname="Game.Tests.EditMode.ContentAuditFailsafeTests.Finalize_FailResult_WritesRedReport_BeforeAssertThrows" methodname="Finalize_FailResult_WritesRedReport_BeforeAssertThrows" classname="Game.Tests.EditMode.ContentAuditFailsafeTests" runstate="Runnable" seed="1398708685" result="Passed" start-time="2026-09-09 08:42:01Z" end-time="2026-09-09 08:42:01Z" duration="0.006558" asserts="0">
                <properties>
                  <property name="retryIteration" value="0" />
                  <property name="repeatIteration" value="0" />
                </properties>
                <output><![CDATA[[ContentAudit] wrote C:\Users\ZQS\AppData\Local\Temp\gamezzz_audit_failsafe_tests\fail_report.md
]]></output>
              </test-case>
              <test-case id="1087" name="Finalize_PassResult_WritesGreenReport_NoThrow" fullname="Game.Tests.EditMode.ContentAuditFailsafeTests.Finalize_PassResult_WritesGreenReport_NoThrow" methodname="Finalize_PassResult_WritesGreenReport_NoThrow" classname="Game.Tests.EditMode.ContentAuditFailsafeTests" runstate="Runnable" seed="2123254846" result="Passed" start-time="2026-09-09 08:42:01Z" end-time="2026-09-09 08:42:01Z" duration="0.003921" asserts="0">
                <properties>
                  <property name="retryIteration" value="0" />
                  <property name="repeatIteration" value="0" />
                </properties>
                <output><![CDATA[[ContentAudit] wrote C:\Users\ZQS\AppData\Local\Temp\gamezzz_audit_failsafe_tests\pass_report.md
]]></output>
              </test-case>
              <test-case id="1083" name="Render_Deterministic_FailResult_TwoRendersIdentical" fullname="Game.Tests.EditMode.ContentAuditFailsafeTests.Render_Deterministic_FailResult_TwoRendersIdentical" methodname="Render_Deterministic_FailResult_TwoRendersIdentical" classname="Game.Tests.EditMode.ContentAuditFailsafeTests" runstate="Runnable" seed="1929966110" result="Passed" start-time="2026-09-09 08:42:01Z" end-time="2026-09-09 08:42:01Z" duration="0.001185" asserts="0">
                <properties>
                  <property name="retryIteration" value="0" />
                  <property name="repeatIteration" value="0" />
                </properties>
              </test-case>
              <test-case id="1082" name="Render_Deterministic_PassResult_TwoRendersIdentical" fullname="Game.Tests.EditMode.ContentAuditFailsafeTests.Render_Deterministic_PassResult_TwoRendersIdentical" methodname="Render_Deterministic_PassResult_TwoRendersIdentical" classname="Game.Tests.EditMode.ContentAuditFailsafeTests" runstate="Runnable" seed="161785017" result="Passed" start-time="2026-09-09 08:42:01Z" end-time="2026-09-09 08:42:01Z" duration="0.001151" asserts="0">
                <properties>
                  <property name="retryIteration" value="0" />
                  <property name="repeatIteration" value="0" />
                </properties>
              </test-case>
              <test-case id="1084" name="Render_SyntheticFail_ShowsFailVerdict_AndDetail_NotPass" fullname="Game.Tests.EditMode.ContentAuditFailsafeTests.Render_SyntheticFail_ShowsFailVerdict_AndDetail_NotPass" methodname="Render_SyntheticFail_ShowsFailVerdict_AndDetail_NotPass" classname="Game.Tests.EditMode.ContentAuditFailsafeTests" runstate="Runnable" seed="1272511713" result="Passed" start-time="2026-09-09 08:42:01Z" end-time="2026-09-09 08:42:01Z" duration="0.001904" asserts="0">
                <properties>
                  <property name="retryIteration" value="0" />
                  <property name="repeatIteration" value="0" />
                </properties>
              </test-case>
              <test-case id="1085" name="Render_SyntheticPass_CompletedYes_VerdictPass_ZeroFailures" fullname="Game.Tests.EditMode.ContentAuditFailsafeTests.Render_SyntheticPass_CompletedYes_VerdictPass_ZeroFailures" methodname="Render_SyntheticPass_CompletedYes_VerdictPass_ZeroFailures" classname="Game.Tests.EditMode.ContentAuditFailsafeTests" runstate="Runnable" seed="45905947" result="Passed" start-time="2026-09-09 08:42:01Z" end-time="2026-09-09 08:42:01Z" duration="0.001340" asserts="0">
                <properties>
                  <property name="retryIteration" value="0" />
                  <property name="repeatIteration" value="0" />
                </properties>
              </test-case>
            </test-suite>
            <test-suite type="TestFixture" id="1090" name="ContentAuditS2Tests" fullname="Game.Tests.EditMode.ContentAuditS2Tests" classname="Game.Tests.EditMode.ContentAuditS2Tests" runstate="Runnable" testcasecount="2" result="Passed" start-time="2026-09-09 08:42:01Z" end-time="2026-09-09 08:42:01Z" duration="0.032390" total="2" passed="2" failed="0" inconclusive="0" skipped="0" asserts="0">
              <properties />
              <test-case id="1091" name="ContentAuditS2_Passes" fullname="Game.Tests.EditMode.ContentAuditS2Tests.ContentAuditS2_Passes" methodname="ContentAuditS2_Passes" classname="Game.Tests.EditMode.ContentAuditS2Tests" runstate="Runnable" seed="1080401490" result="Passed" start-time="2026-09-09 08:42:01Z" end-time="2026-09-09 08:42:01Z" duration="0.001427" asserts="0">
                <properties>
                  <property name="retryIteration" value="0" />
                  <property name="repeatIteration" value="0" />
                </properties>
                <output><![CDATA[[ContentAudit] wrote G:\GAME-ZZZ\unity\game\New Unity Project\docs\reviews\s3\CONTENT_AUDIT_S3_CLOSEOUT.md
]]></output>
              </test-case>
              <test-case id="1092" name="ContentAuditTagRules_NegativeCases_AreRejected" fullname="Game.Tests.EditMode.ContentAuditS2Tests.ContentAuditTagRules_NegativeCases_AreRejected" methodname="ContentAuditTagRules_NegativeCases_AreRejected" classname="Game.Tests.EditMode.ContentAuditS2Tests" runstate="Runnable" seed="659832132" result="Passed" start-time="2026-09-09 08:42:01Z" end-time="2026-09-09 08:42:01Z" duration="0.000775" asserts="0">
                <properties>
                  <property name="retryIteration" value="0" />
                  <property name="repeatIteration" value="0" />
                </properties>
              </test-case>
            </test-suite>
            <test-suite type="TestFixture" id="1093" name="ContentDatabaseTests" fullname="Game.Tests.EditMode.ContentDatabaseTests" classname="Game.Tests.EditMode.ContentDatabaseTests" runstate="Runnable" testcasecount="5" result="Passed" start-time="2026-09-09 08:42:01Z" end-time="2026-09-09 08:42:01Z" duration="0.018658" total="5" passed="5" failed="0" inconclusive="0" skipped="0" asserts="0">
              <properties />
              <test-case id="1097" name="CorruptJson_FailsAndErrorContainsFileName" fullname="Game.Tests.EditMode.ContentDatabaseTests.CorruptJson_FailsAndErrorContainsFileName" methodname="CorruptJson_FailsAndErrorContainsFileName" classname="Game.Tests.EditMode.ContentDatabaseTests" runstate="Runnable" seed="380802774" result="Passed" start-time="2026-09-09 08:42:01Z" end-time="2026-09-09 08:42:01Z" duration="0.005292" asserts="0">
                <properties>
                  <property name="retryIteration" value="0" />
                  <property name="repeatIteration" value="0" />
                </properties>
                <output><![CDATA[
IgnoreFailingMessages:true
]]></output>
              </test-case>
              <test-case id="1098" name="DuplicateId_FailsEntireLoad" fullname="Game.Tests.EditMode.ContentDatabaseTests.DuplicateId_FailsEntireLoad" methodname="DuplicateId_FailsEntireLoad" classname="Game.Tests.EditMode.ContentDatabaseTests" runstate="Runnable" seed="806309831" result="Passed" start-time="2026-09-09 08:42:01Z" end-time="2026-09-09 08:42:01Z" duration="0.004063" asserts="0">
                <properties>
                  <property name="retryIteration" value="0" />
                  <property name="repeatIteration" value="0" />
                </properties>
              </test-case>
              <test-case id="1096" name="MissingDirectory_Fails" fullname="Game.Tests.EditMode.ContentDatabaseTests.MissingDirectory_Fails" methodname="MissingDirectory_Fails" classname="Game.Tests.EditMode.ContentDatabaseTests" runstate="Runnable" seed="1473357079" result="Passed" start-time="2026-09-09 08:42:01Z" end-time="2026-09-09 08:42:01Z" duration="0.001614" asserts="0">
                <properties>
                  <property name="retryIteration" value="0" />
                  <property name="repeatIteration" value="0" />
                </properties>
              </test-case>
              <test-case id="1095" name="MissingId_FailsAndErrorContainsFileName" fullname="Game.Tests.EditMode.ContentDatabaseTests.MissingId_FailsAndErrorContainsFileName" methodname="MissingId_FailsAndErrorContainsFileName" classname="Game.Tests.EditMode.ContentDatabaseTests" runstate="Runnable" seed="2132548749" result="Passed" start-time="2026-09-09 08:42:01Z" end-time="2026-09-09 08:42:01Z" duration="0.003035" asserts="0">
                <properties>
                  <property name="retryIteration" value="0" />
                  <property name="repeatIteration" value="0" />
                </properties>
              </test-case>
              <test-case id="1094" name="ValidDummy_Imports" fullname="Game.Tests.EditMode.ContentDatabaseTests.ValidDummy_Imports" methodname="ValidDummy_Imports" classname="Game.Tests.EditMode.ContentDatabaseTests" runstate="Runnable" seed="1160798562" result="Passed" start-time="2026-09-09 08:42:01Z" end-time="2026-09-09 08:42:01Z" duration="0.003506" asserts="0">
                <properties>
                  <property name="retryIteration" value="0" />
                  <property name="repeatIteration" value="0" />
                </properties>
              </test-case>
            </test-suite>
            <test-suite type="TestFixture" id="1099" name="DummyCrowdTests" fullname="Game.Tests.EditMode.DummyCrowdTests" classname="Game.Tests.EditMode.DummyCrowdTests" runstate="Runnable" testcasecount="10" result="Passed" start-time="2026-09-09 08:42:01Z" end-time="2026-09-09 08:42:01Z" duration="0.097983" total="10" passed="10" failed="0" inconclusive="0" skipped="0" asserts="0">
              <properties />
              <test-case id="1108" name="AiTowardPlayer_DoesNotStayStacked" fullname="Game.Tests.EditMode.DummyCrowdTests.AiTowardPlayer_DoesNotStayStacked" methodname="AiTowardPlayer_DoesNotStayStacked" classname="Game.Tests.EditMode.DummyCrowdTests" runstate="Runnable" seed="1208083712" result="Passed" start-time="2026-09-09 08:42:01Z" end-time="2026-09-09 08:42:01Z" duration="0.000853" asserts="0">
                <properties>
                  <property name="retryIteration" value="0" />
                  <property name="repeatIteration" value="0" />
                </properties>
              </test-case>
              <test-case id="1106" name="CollisionLayers_IgnorePlayerAndMonsterPush" fullname="Game.Tests.EditMode.DummyCrowdTests.CollisionLayers_IgnorePlayerAndMonsterPush" methodname="CollisionLayers_IgnorePlayerAndMonsterPush" classname="Game.Tests.EditMode.DummyCrowdTests" runstate="Runnable" seed="1058196484" result="Passed" start-time="2026-09-09 08:42:01Z" end-time="2026-09-09 08:42:01Z" duration="0.000895" asserts="0">
                <properties>
                  <property name="retryIteration" value="0" />
                  <property name="repeatIteration" value="0" />
                </properties>
              </test-case>
              <test-case id="1105" name="DarkKnightFit_ScalesTinyMeshToCapsuleHeight" fullname="Game.Tests.EditMode.DummyCrowdTests.DarkKnightFit_ScalesTinyMeshToCapsuleHeight" methodname="DarkKnightFit_ScalesTinyMeshToCapsuleHeight" classname="Game.Tests.EditMode.DummyCrowdTests" runstate="Runnable" seed="698040597" result="Passed" start-time="2026-09-09 08:42:01Z" end-time="2026-09-09 08:42:01Z" duration="0.004095" asserts="0">
                <properties>
                  <property name="retryIteration" value="0" />
                  <property name="repeatIteration" value="0" />
                </properties>
                <output><![CDATA[[Arena] DarkKnight fitted body height 1.16 from 0.017 scale x68.24
]]></output>
              </test-case>
              <test-case id="1102" name="Lod_FarStopsTurning" fullname="Game.Tests.EditMode.DummyCrowdTests.Lod_FarStopsTurning" methodname="Lod_FarStopsTurning" classname="Game.Tests.EditMode.DummyCrowdTests" runstate="Runnable" seed="191009423" result="Passed" start-time="2026-09-09 08:42:01Z" end-time="2026-09-09 08:42:01Z" duration="0.000276" asserts="0">
                <properties>
                  <property name="retryIteration" value="0" />
                  <property name="repeatIteration" value="0" />
                </properties>
              </test-case>
              <test-case id="1103" name="Lod_NearTurnsTowardPlayer" fullname="Game.Tests.EditMode.DummyCrowdTests.Lod_NearTurnsTowardPlayer" methodname="Lod_NearTurnsTowardPlayer" classname="Game.Tests.EditMode.DummyCrowdTests" runstate="Runnable" seed="2011673099" result="Passed" start-time="2026-09-09 08:42:01Z" end-time="2026-09-09 08:42:01Z" duration="0.000188" asserts="0">
                <properties>
                  <property name="retryIteration" value="0" />
                  <property name="repeatIteration" value="0" />
                </properties>
              </test-case>
              <test-case id="1107" name="Separate_PushesStackedDummiesApart" fullname="Game.Tests.EditMode.DummyCrowdTests.Separate_PushesStackedDummiesApart" methodname="Separate_PushesStackedDummiesApart" classname="Game.Tests.EditMode.DummyCrowdTests" runstate="Runnable" seed="2092691751" result="Passed" start-time="2026-09-09 08:42:01Z" end-time="2026-09-09 08:42:01Z" duration="0.000187" asserts="0">
                <properties>
                  <property name="retryIteration" value="0" />
                  <property name="repeatIteration" value="0" />
                </properties>
              </test-case>
              <test-case id="1109" name="SimOnly_CanMeasure300" fullname="Game.Tests.EditMode.DummyCrowdTests.SimOnly_CanMeasure300" methodname="SimOnly_CanMeasure300" classname="Game.Tests.EditMode.DummyCrowdTests" runstate="Runnable" seed="1725893021" result="Passed" start-time="2026-09-09 08:42:01Z" end-time="2026-09-09 08:42:01Z" duration="0.056281" asserts="0">
                <properties>
                  <property name="retryIteration" value="0" />
                  <property name="repeatIteration" value="0" />
                </properties>
                <output><![CDATA[[Perf] sim-only 300x120 ticks ms=54.28
]]></output>
              </test-case>
              <test-case id="1100" name="Spawn_100_200_300_Counts" fullname="Game.Tests.EditMode.DummyCrowdTests.Spawn_100_200_300_Counts" methodname="Spawn_100_200_300_Counts" classname="Game.Tests.EditMode.DummyCrowdTests" runstate="Runnable" seed="1709440919" result="Passed" start-time="2026-09-09 08:42:01Z" end-time="2026-09-09 08:42:01Z" duration="0.000419" asserts="0">
                <properties>
                  <property name="retryIteration" value="0" />
                  <property name="repeatIteration" value="0" />
                </properties>
              </test-case>
              <test-case id="1101" name="SpawnLayout_SameSeedReproducible" fullname="Game.Tests.EditMode.DummyCrowdTests.SpawnLayout_SameSeedReproducible" methodname="SpawnLayout_SameSeedReproducible" classname="Game.Tests.EditMode.DummyCrowdTests" runstate="Runnable" seed="1672827738" result="Passed" start-time="2026-09-09 08:42:01Z" end-time="2026-09-09 08:42:01Z" duration="0.000752" asserts="0">
                <properties>
                  <property name="retryIteration" value="0" />
                  <property name="repeatIteration" value="0" />
                </properties>
              </test-case>
              <test-case id="1104" name="Tick300_NoBurstAllocAfterWarmup" fullname="Game.Tests.EditMode.DummyCrowdTests.Tick300_NoBurstAllocAfterWarmup" methodname="Tick300_NoBurstAllocAfterWarmup" classname="Game.Tests.EditMode.DummyCrowdTests" runstate="Runnable" seed="888772804" result="Passed" start-time="2026-09-09 08:42:01Z" end-time="2026-09-09 08:42:01Z" duration="0.032432" asserts="0">
                <properties>
                  <property name="retryIteration" value="0" />
                  <property name="repeatIteration" value="0" />
                </properties>
              </test-case>
            </test-suite>
            <test-suite type="TestFixture" id="1110" name="EnemyVisualCatalogContractTests" fullname="Game.Tests.EditMode.EnemyVisualCatalogContractTests" classname="Game.Tests.EditMode.EnemyVisualCatalogContractTests" runstate="Runnable" testcasecount="7" result="Passed" start-time="2026-09-09 08:42:01Z" end-time="2026-09-09 08:42:01Z" duration="0.024141" total="7" passed="7" failed="0" inconclusive="0" skipped="0" asserts="0">
              <properties />
              <test-case id="1111" name="Catalog_Mapping_Deterministic" fullname="Game.Tests.EditMode.EnemyVisualCatalogContractTests.Catalog_Mapping_Deterministic" methodname="Catalog_Mapping_Deterministic" classname="Game.Tests.EditMode.EnemyVisualCatalogContractTests" runstate="Runnable" seed="1945815129" result="Passed" start-time="2026-09-09 08:42:01Z" end-time="2026-09-09 08:42:01Z" duration="0.000687" asserts="0">
                <properties>
                  <property name="retryIteration" value="0" />
                  <property name="repeatIteration" value="0" />
                </properties>
              </test-case>
              <test-case id="1114" name="FireLionVisual_AnimatorStates_FiveStates_NoWalkFallback" fullname="Game.Tests.EditMode.EnemyVisualCatalogContractTests.FireLionVisual_AnimatorStates_FiveStates_NoWalkFallback" methodname="FireLionVisual_AnimatorStates_FiveStates_NoWalkFallback" classname="Game.Tests.EditMode.EnemyVisualCatalogContractTests" runstate="Runnable" seed="191096730" result="Passed" start-time="2026-09-09 08:42:01Z" end-time="2026-09-09 08:42:01Z" duration="0.016192" asserts="0">
                <properties>
                  <property name="retryIteration" value="0" />
                  <property name="repeatIteration" value="0" />
                </properties>
              </test-case>
              <test-case id="1113" name="FireLionVisual_ComponentAudit_VisualOnly" fullname="Game.Tests.EditMode.EnemyVisualCatalogContractTests.FireLionVisual_ComponentAudit_VisualOnly" methodname="FireLionVisual_ComponentAudit_VisualOnly" classname="Game.Tests.EditMode.EnemyVisualCatalogContractTests" runstate="Runnable" seed="2021568567" result="Passed" start-time="2026-09-09 08:42:01Z" end-time="2026-09-09 08:42:01Z" duration="0.000778" asserts="0">
                <properties>
                  <property name="retryIteration" value="0" />
                  <property name="repeatIteration" value="0" />
                </properties>
              </test-case>
              <test-case id="1112" name="FireLionVisual_LoadsAtContractPath" fullname="Game.Tests.EditMode.EnemyVisualCatalogContractTests.FireLionVisual_LoadsAtContractPath" methodname="FireLionVisual_LoadsAtContractPath" classname="Game.Tests.EditMode.EnemyVisualCatalogContractTests" runstate="Runnable" seed="1631145506" result="Passed" start-time="2026-09-09 08:42:01Z" end-time="2026-09-09 08:42:01Z" duration="0.000257" asserts="0">
                <properties>
                  <property name="retryIteration" value="0" />
                  <property name="repeatIteration" value="0" />
                </properties>
              </test-case>
              <test-case id="1115" name="FireLionVisual_Mount_DoesNotTouchGameplayRoot" fullname="Game.Tests.EditMode.EnemyVisualCatalogContractTests.FireLionVisual_Mount_DoesNotTouchGameplayRoot" methodname="FireLionVisual_Mount_DoesNotTouchGameplayRoot" classname="Game.Tests.EditMode.EnemyVisualCatalogContractTests" runstate="Runnable" seed="80339798" result="Passed" start-time="2026-09-09 08:42:01Z" end-time="2026-09-09 08:42:01Z" duration="0.001520" asserts="0">
                <properties>
                  <property name="retryIteration" value="0" />
                  <property name="repeatIteration" value="0" />
                </properties>
              </test-case>
              <test-case id="1116" name="FireLionVisual_UrpMaterial_NoErrorShader" fullname="Game.Tests.EditMode.EnemyVisualCatalogContractTests.FireLionVisual_UrpMaterial_NoErrorShader" methodname="FireLionVisual_UrpMaterial_NoErrorShader" classname="Game.Tests.EditMode.EnemyVisualCatalogContractTests" runstate="Runnable" seed="1072730994" result="Passed" start-time="2026-09-09 08:42:01Z" end-time="2026-09-09 08:42:01Z" duration="0.001289" asserts="0">
                <properties>
                  <property name="retryIteration" value="0" />
                  <property name="repeatIteration" value="0" />
                </properties>
              </test-case>
              <test-case id="1117" name="GameplayConstants_UnchangedByR4Integration" fullname="Game.Tests.EditMode.EnemyVisualCatalogContractTests.GameplayConstants_UnchangedByR4Integration" methodname="GameplayConstants_UnchangedByR4Integration" classname="Game.Tests.EditMode.EnemyVisualCatalogContractTests" runstate="Runnable" seed="1335830863" result="Passed" start-time="2026-09-09 08:42:01Z" end-time="2026-09-09 08:42:01Z" duration="0.000260" asserts="0">
                <properties>
                  <property name="retryIteration" value="0" />
                  <property name="repeatIteration" value="0" />
                </properties>
              </test-case>
            </test-suite>
            <test-suite type="TestFixture" id="1118" name="EnemyVisualFeedbackTests" fullname="Game.Tests.EditMode.EnemyVisualFeedbackTests" classname="Game.Tests.EditMode.EnemyVisualFeedbackTests" runstate="Runnable" testcasecount="8" result="Passed" start-time="2026-09-09 08:42:01Z" end-time="2026-09-09 08:42:02Z" duration="0.030321" total="8" passed="8" failed="0" inconclusive="0" skipped="0" asserts="0">
              <properties />
              <test-case id="1121" name="Apply_IgniteAndHitDiffer_AndHitRevertsBackToIgnite" fullname="Game.Tests.EditMode.EnemyVisualFeedbackTests.Apply_IgniteAndHitDiffer_AndHitRevertsBackToIgnite" methodname="Apply_IgniteAndHitDiffer_AndHitRevertsBackToIgnite" classname="Game.Tests.EditMode.EnemyVisualFeedbackTests" runstate="Runnable" seed="143958343" result="Passed" start-time="2026-09-09 08:42:01Z" end-time="2026-09-09 08:42:01Z" duration="0.003294" asserts="0">
                <properties>
                  <property name="retryIteration" value="0" />
                  <property name="repeatIteration" value="0" />
                </properties>
              </test-case>
              <test-case id="1124" name="Apply_MissingBaseColorSlot_SkipsSafely" fullname="Game.Tests.EditMode.EnemyVisualFeedbackTests.Apply_MissingBaseColorSlot_SkipsSafely" methodname="Apply_MissingBaseColorSlot_SkipsSafely" classname="Game.Tests.EditMode.EnemyVisualFeedbackTests" runstate="Runnable" seed="407249176" result="Passed" start-time="2026-09-09 08:42:01Z" end-time="2026-09-09 08:42:01Z" duration="0.000939" asserts="0">
                <properties>
                  <property name="retryIteration" value="0" />
                  <property name="repeatIteration" value="0" />
                </properties>
              </test-case>
              <test-case id="1120" name="Apply_NormalRestoresExactOriginalColor_MultiRenderer_MultiIndex" fullname="Game.Tests.EditMode.EnemyVisualFeedbackTests.Apply_NormalRestoresExactOriginalColor_MultiRenderer_MultiIndex" methodname="Apply_NormalRestoresExactOriginalColor_MultiRenderer_MultiIndex" classname="Game.Tests.EditMode.EnemyVisualFeedbackTests" runstate="Runnable" seed="248196899" result="Passed" start-time="2026-09-09 08:42:01Z" end-time="2026-09-09 08:42:01Z" duration="0.001373" asserts="0">
                <properties>
                  <property name="retryIteration" value="0" />
                  <property name="repeatIteration" value="0" />
                </properties>
              </test-case>
              <test-case id="1122" name="Apply_OriginalColorNotAssumedWhite" fullname="Game.Tests.EditMode.EnemyVisualFeedbackTests.Apply_OriginalColorNotAssumedWhite" methodname="Apply_OriginalColorNotAssumedWhite" classname="Game.Tests.EditMode.EnemyVisualFeedbackTests" runstate="Runnable" seed="1202918937" result="Passed" start-time="2026-09-09 08:42:01Z" end-time="2026-09-09 08:42:02Z" duration="0.000871" asserts="0">
                <properties>
                  <property name="retryIteration" value="0" />
                  <property name="repeatIteration" value="0" />
                </properties>
              </test-case>
              <test-case id="1123" name="Apply_SharedMaterialReferencesUnchanged_NoRuntimeClone" fullname="Game.Tests.EditMode.EnemyVisualFeedbackTests.Apply_SharedMaterialReferencesUnchanged_NoRuntimeClone" methodname="Apply_SharedMaterialReferencesUnchanged_NoRuntimeClone" classname="Game.Tests.EditMode.EnemyVisualFeedbackTests" runstate="Runnable" seed="664501766" result="Passed" start-time="2026-09-09 08:42:02Z" end-time="2026-09-09 08:42:02Z" duration="0.001966" asserts="0">
                <properties>
                  <property name="retryIteration" value="0" />
                  <property name="repeatIteration" value="0" />
                </properties>
              </test-case>
[...]
                <properties>
                  <property name="retryIteration" value="0" />
                  <property name="repeatIteration" value="0" />
                </properties>
              </test-case>
              <test-case id="1320" name="ExistingSupportIdentity_UnchangedByMaintenance" fullname="Game.Tests.EditMode.SupportCatalogInvariantTests.ExistingSupportIdentity_UnchangedByMaintenance" methodname="ExistingSupportIdentity_UnchangedByMaintenance" classname="Game.Tests.EditMode.SupportCatalogInvariantTests" runstate="Runnable" seed="244953251" result="Passed" start-time="2026-09-09 08:42:03Z" end-time="2026-09-09 08:42:03Z" duration="0.000287" asserts="0">
                <properties>
                  <property name="retryIteration" value="0" />
                  <property name="repeatIteration" value="0" />
                </properties>
              </test-case>
              <test-case id="1317" name="SentinelContract_CountIsNotContent_AndGetIsSafe" fullname="Game.Tests.EditMode.SupportCatalogInvariantTests.SentinelContract_CountIsNotContent_AndGetIsSafe" methodname="SentinelContract_CountIsNotContent_AndGetIsSafe" classname="Game.Tests.EditMode.SupportCatalogInvariantTests" runstate="Runnable" seed="172573161" result="Passed" start-time="2026-09-09 08:42:03Z" end-time="2026-09-09 08:42:03Z" duration="0.000309" asserts="0">
                <properties>
                  <property name="retryIteration" value="0" />
                  <property name="repeatIteration" value="0" />
                </properties>
              </test-case>
            </test-suite>
            <test-suite type="TestFixture" id="1321" name="SupportGateTests" fullname="Game.Tests.EditMode.SupportGateTests" classname="Game.Tests.EditMode.SupportGateTests" runstate="Runnable" testcasecount="4" result="Passed" start-time="2026-09-09 08:42:03Z" end-time="2026-09-09 08:42:03Z" duration="0.001678" total="4" passed="4" failed="0" inconclusive="0" skipped="0" asserts="0">
              <properties />
              <test-case id="1324" name="FailedReplacement_PreservesOldState" fullname="Game.Tests.EditMode.SupportGateTests.FailedReplacement_PreservesOldState" methodname="FailedReplacement_PreservesOldState" classname="Game.Tests.EditMode.SupportGateTests" runstate="Runnable" seed="1272050081" result="Passed" start-time="2026-09-09 08:42:03Z" end-time="2026-09-09 08:42:03Z" duration="0.000208" asserts="0">
                <properties>
                  <property name="retryIteration" value="0" />
                  <property name="repeatIteration" value="0" />
                </properties>
              </test-case>
              <test-case id="1323" name="InvalidAttach_Rejected_NoWrites" fullname="Game.Tests.EditMode.SupportGateTests.InvalidAttach_Rejected_NoWrites" methodname="InvalidAttach_Rejected_NoWrites" classname="Game.Tests.EditMode.SupportGateTests" runstate="Runnable" seed="1360772048" result="Passed" start-time="2026-09-09 08:42:03Z" end-time="2026-09-09 08:42:03Z" duration="0.000260" asserts="0">
                <properties>
                  <property name="retryIteration" value="0" />
                  <property name="repeatIteration" value="0" />
                </properties>
              </test-case>
              <test-case id="1322" name="RuntimeMatrix_ParityWithGolden" fullname="Game.Tests.EditMode.SupportGateTests.RuntimeMatrix_ParityWithGolden" methodname="RuntimeMatrix_ParityWithGolden" classname="Game.Tests.EditMode.SupportGateTests" runstate="Runnable" seed="1778802878" result="Passed" start-time="2026-09-09 08:42:03Z" end-time="2026-09-09 08:42:03Z" duration="0.000383" asserts="0">
                <properties>
                  <property name="retryIteration" value="0" />
                  <property name="repeatIteration" value="0" />
                </properties>
              </test-case>
              <test-case id="1325" name="ValidCombinations_Unchanged" fullname="Game.Tests.EditMode.SupportGateTests.ValidCombinations_Unchanged" methodname="ValidCombinations_Unchanged" classname="Game.Tests.EditMode.SupportGateTests" runstate="Runnable" seed="1192263100" result="Passed" start-time="2026-09-09 08:42:03Z" end-time="2026-09-09 08:42:03Z" duration="0.000217" asserts="0">
                <properties>
                  <property name="retryIteration" value="0" />
                  <property name="repeatIteration" value="0" />
                </properties>
              </test-case>
            </test-suite>
            <test-suite type="TestFixture" id="1326" name="TrollRuntimeVisualContractTests" fullname="Game.Tests.EditMode.TrollRuntimeVisualContractTests" classname="Game.Tests.EditMode.TrollRuntimeVisualContractTests" runstate="Runnable" testcasecount="11" result="Passed" start-time="2026-09-09 08:42:03Z" end-time="2026-09-09 08:42:03Z" duration="0.009074" total="11" passed="11" failed="0" inconclusive="0" skipped="0" asserts="0">
              <properties />
              <test-case id="1329" name="EnemyVisualPrefab_AnimatorStates_SixStates" fullname="Game.Tests.EditMode.TrollRuntimeVisualContractTests.EnemyVisualPrefab_AnimatorStates_SixStates" methodname="EnemyVisualPrefab_AnimatorStates_SixStates" classname="Game.Tests.EditMode.TrollRuntimeVisualContractTests" runstate="Runnable" seed="1390271060" result="Passed" start-time="2026-09-09 08:42:03Z" end-time="2026-09-09 08:42:03Z" duration="0.001213" asserts="0">
                <properties>
                  <property name="retryIteration" value="0" />
                  <property name="repeatIteration" value="0" />
                </properties>
              </test-case>
              <test-case id="1328" name="EnemyVisualPrefab_ComponentAudit_VisualOnly" fullname="Game.Tests.EditMode.TrollRuntimeVisualContractTests.EnemyVisualPrefab_ComponentAudit_VisualOnly" methodname="EnemyVisualPrefab_ComponentAudit_VisualOnly" classname="Game.Tests.EditMode.TrollRuntimeVisualContractTests" runstate="Runnable" seed="858388783" result="Passed" start-time="2026-09-09 08:42:03Z" end-time="2026-09-09 08:42:03Z" duration="0.000627" asserts="0">
                <properties>
                  <property name="retryIteration" value="0" />
                  <property name="repeatIteration" value="0" />
                </properties>
              </test-case>
              <test-case id="1337" name="EnemyVisualPrefab_IsPbrUrpMaterials" fullname="Game.Tests.EditMode.TrollRuntimeVisualContractTests.EnemyVisualPrefab_IsPbrUrpMaterials" methodname="EnemyVisualPrefab_IsPbrUrpMaterials" classname="Game.Tests.EditMode.TrollRuntimeVisualContractTests" runstate="Runnable" seed="1827080698" result="Passed" start-time="2026-09-09 08:42:03Z" end-time="2026-09-09 08:42:03Z" duration="0.000503" asserts="0">
                <properties>
                  <property name="retryIteration" value="0" />
                  <property name="repeatIteration" value="0" />
                </properties>
              </test-case>
              <test-case id="1327" name="EnemyVisualPrefab_LoadsAtContractPath" fullname="Game.Tests.EditMode.TrollRuntimeVisualContractTests.EnemyVisualPrefab_LoadsAtContractPath" methodname="EnemyVisualPrefab_LoadsAtContractPath" classname="Game.Tests.EditMode.TrollRuntimeVisualContractTests" runstate="Runnable" seed="270699804" result="Passed" start-time="2026-09-09 08:42:03Z" end-time="2026-09-09 08:42:03Z" duration="0.000212" asserts="0">
                <properties>
                  <property name="retryIteration" value="0" />
                  <property name="repeatIteration" value="0" />
                </properties>
              </test-case>
              <test-case id="1336" name="GameplayConstants_UnchangedByR3Integration" fullname="Game.Tests.EditMode.TrollRuntimeVisualContractTests.GameplayConstants_UnchangedByR3Integration" methodname="GameplayConstants_UnchangedByR3Integration" classname="Game.Tests.EditMode.TrollRuntimeVisualContractTests" runstate="Runnable" seed="691985826" result="Passed" start-time="2026-09-09 08:42:03Z" end-time="2026-09-09 08:42:03Z" duration="0.000157" asserts="0">
                <properties>
                  <property name="retryIteration" value="0" />
                  <property name="repeatIteration" value="0" />
                </properties>
              </test-case>
              <test-case id="1333" name="Presenter_AttackEdge_DrivenByExecutionSerial" fullname="Game.Tests.EditMode.TrollRuntimeVisualContractTests.Presenter_AttackEdge_DrivenByExecutionSerial" methodname="Presenter_AttackEdge_DrivenByExecutionSerial" classname="Game.Tests.EditMode.TrollRuntimeVisualContractTests" runstate="Runnable" seed="1275671482" result="Passed" start-time="2026-09-09 08:42:03Z" end-time="2026-09-09 08:42:03Z" duration="0.001473" asserts="0">
                <properties>
                  <property name="retryIteration" value="0" />
                  <property name="repeatIteration" value="0" />
                </properties>
              </test-case>
              <test-case id="1335" name="Presenter_Death_PlaysDeathState_AlignsWithRecycle" fullname="Game.Tests.EditMode.TrollRuntimeVisualContractTests.Presenter_Death_PlaysDeathState_AlignsWithRecycle" methodname="Presenter_Death_PlaysDeathState_AlignsWithRecycle" classname="Game.Tests.EditMode.TrollRuntimeVisualContractTests" runstate="Runnable" seed="228207651" result="Passed" start-time="2026-09-09 08:42:03Z" end-time="2026-09-09 08:42:03Z" duration="0.000706" asserts="0">
                <properties>
                  <property name="retryIteration" value="0" />
                  <property name="repeatIteration" value="0" />
                </properties>
              </test-case>
              <test-case id="1334" name="Presenter_HitEdge_PlaysHitState" fullname="Game.Tests.EditMode.TrollRuntimeVisualContractTests.Presenter_HitEdge_PlaysHitState" methodname="Presenter_HitEdge_PlaysHitState" classname="Game.Tests.EditMode.TrollRuntimeVisualContractTests" runstate="Runnable" seed="186061302" result="Passed" start-time="2026-09-09 08:42:03Z" end-time="2026-09-09 08:42:03Z" duration="0.000711" asserts="0">
                <properties>
                  <property name="retryIteration" value="0" />
                  <property name="repeatIteration" value="0" />
                </properties>
              </test-case>
              <test-case id="1332" name="Presenter_IdleAndRun_FollowMovementState" fullname="Game.Tests.EditMode.TrollRuntimeVisualContractTests.Presenter_IdleAndRun_FollowMovementState" methodname="Presenter_IdleAndRun_FollowMovementState" classname="Game.Tests.EditMode.TrollRuntimeVisualContractTests" runstate="Runnable" seed="787868815" result="Passed" start-time="2026-09-09 08:42:03Z" end-time="2026-09-09 08:42:03Z" duration="0.000761" asserts="0">
                <properties>
                  <property name="retryIteration" value="0" />
                  <property name="repeatIteration" value="0" />
                </properties>
              </test-case>
              <test-case id="1330" name="Presenter_Mount_DoesNotTouchGameplayRoot" fullname="Game.Tests.EditMode.TrollRuntimeVisualContractTests.Presenter_Mount_DoesNotTouchGameplayRoot" methodname="Presenter_Mount_DoesNotTouchGameplayRoot" classname="Game.Tests.EditMode.TrollRuntimeVisualContractTests" runstate="Runnable" seed="1673216806" result="Passed" start-time="2026-09-09 08:42:03Z" end-time="2026-09-09 08:42:03Z" duration="0.001196" asserts="0">
                <properties>
                  <property name="retryIteration" value="0" />
                  <property name="repeatIteration" value="0" />
                </properties>
              </test-case>
              <test-case id="1331" name="Presenter_MoveStateMapping_Pure" fullname="Game.Tests.EditMode.TrollRuntimeVisualContractTests.Presenter_MoveStateMapping_Pure" methodname="Presenter_MoveStateMapping_Pure" classname="Game.Tests.EditMode.TrollRuntimeVisualContractTests" runstate="Runnable" seed="1122008442" result="Passed" start-time="2026-09-09 08:42:03Z" end-time="2026-09-09 08:42:03Z" duration="0.000193" asserts="0">
                <properties>
                  <property name="retryIteration" value="0" />
                  <property name="repeatIteration" value="0" />
                </properties>
              </test-case>
            </test-suite>
            <test-suite type="TestFixture" id="1338" name="TrollWarriorArtTrialTests" fullname="Game.Tests.EditMode.TrollWarriorArtTrialTests" classname="Game.Tests.EditMode.TrollWarriorArtTrialTests" runstate="Runnable" testcasecount="10" result="Passed" start-time="2026-09-09 08:42:03Z" end-time="2026-09-09 08:42:03Z" duration="0.035465" total="10" passed="10" failed="0" inconclusive="0" skipped="0" asserts="0">
              <properties />
              <test-case id="1348" name="TrollWarrior_NoResourcesFolder_NoVendorJunk" fullname="Game.Tests.EditMode.TrollWarriorArtTrialTests.TrollWarrior_NoResourcesFolder_NoVendorJunk" methodname="TrollWarrior_NoResourcesFolder_NoVendorJunk" classname="Game.Tests.EditMode.TrollWarriorArtTrialTests" runstate="Runnable" seed="441352016" result="Passed" start-time="2026-09-09 08:42:03Z" end-time="2026-09-09 08:42:03Z" duration="0.003472" asserts="0">
                <properties>
                  <property name="retryIteration" value="0" />
                  <property name="repeatIteration" value="0" />
                </properties>
              </test-case>
              <test-case id="1346" name="TrollWarrior_SourceAssets_HumanoidRig_StableClips" fullname="Game.Tests.EditMode.TrollWarriorArtTrialTests.TrollWarrior_SourceAssets_HumanoidRig_StableClips" methodname="TrollWarrior_SourceAssets_HumanoidRig_StableClips" classname="Game.Tests.EditMode.TrollWarriorArtTrialTests" runstate="Runnable" seed="1284467760" result="Passed" start-time="2026-09-09 08:42:03Z" end-time="2026-09-09 08:42:03Z" duration="0.024945" asserts="0">
                <properties>
                  <property name="retryIteration" value="0" />
                  <property name="repeatIteration" value="0" />
                </properties>
              </test-case>
              <test-case id="1347" name="TrollWarrior_Textures_PbrMapTypes" fullname="Game.Tests.EditMode.TrollWarriorArtTrialTests.TrollWarrior_Textures_PbrMapTypes" methodname="TrollWarrior_Textures_PbrMapTypes" classname="Game.Tests.EditMode.TrollWarriorArtTrialTests" runstate="Runnable" seed="177603309" result="Passed" start-time="2026-09-09 08:42:03Z" end-time="2026-09-09 08:42:03Z" duration="0.000999" asserts="0">
                <properties>
                  <property name="retryIteration" value="0" />
                  <property name="repeatIteration" value="0" />
                </properties>
              </test-case>
              <test-case id="1345" name="TrollWarriorTrial_AnimatorReferences_Valid" fullname="Game.Tests.EditMode.TrollWarriorArtTrialTests.TrollWarriorTrial_AnimatorReferences_Valid" methodname="TrollWarriorTrial_AnimatorReferences_Valid" classname="Game.Tests.EditMode.TrollWarriorArtTrialTests" runstate="Runnable" seed="352769306" result="Passed" start-time="2026-09-09 08:42:03Z" end-time="2026-09-09 08:42:03Z" duration="0.001553" asserts="0">
                <properties>
                  <property name="retryIteration" value="0" />
                  <property name="repeatIteration" value="0" />
                </properties>
              </test-case>
              <test-case id="1344" name="TrollWarriorTrial_Materials_UrpLit_PbrMapsAssigned" fullname="Game.Tests.EditMode.TrollWarriorArtTrialTests.TrollWarriorTrial_Materials_UrpLit_PbrMapsAssigned" methodname="TrollWarriorTrial_Materials_UrpLit_PbrMapsAssigned" classname="Game.Tests.EditMode.TrollWarriorArtTrialTests" runstate="Runnable" seed="1091946109" result="Passed" start-time="2026-09-09 08:42:03Z" end-time="2026-09-09 08:42:03Z" duration="0.000516" asserts="0">
                <properties>
                  <property name="retryIteration" value="0" />
                  <property name="repeatIteration" value="0" />
                </properties>
              </test-case>
              <test-case id="1343" name="TrollWarriorTrial_NoGameplayComponents_NoVendorScripts" fullname="Game.Tests.EditMode.TrollWarriorArtTrialTests.TrollWarriorTrial_NoGameplayComponents_NoVendorScripts" methodname="TrollWarriorTrial_NoGameplayComponents_NoVendorScripts" classname="Game.Tests.EditMode.TrollWarriorArtTrialTests" runstate="Runnable" seed="1878322228" result="Passed" start-time="2026-09-09 08:42:03Z" end-time="2026-09-09 08:42:03Z" duration="0.000677" asserts="0">
                <properties>
                  <property name="retryIteration" value="0" />
                  <property name="repeatIteration" value="0" />
                </properties>
              </test-case>
              <test-case id="1340" name="TrollWarriorTrial_NoMissingScripts" fullname="Game.Tests.EditMode.TrollWarriorArtTrialTests.TrollWarriorTrial_NoMissingScripts" methodname="TrollWarriorTrial_NoMissingScripts" classname="Game.Tests.EditMode.TrollWarriorArtTrialTests" runstate="Runnable" seed="1996873835" result="Passed" start-time="2026-09-09 08:42:03Z" end-time="2026-09-09 08:42:03Z" duration="0.000631" asserts="0">
                <properties>
                  <property name="retryIteration" value="0" />
                  <property name="repeatIteration" value="0" />
                </properties>
              </test-case>
              <test-case id="1339" name="TrollWarriorTrial_PrefabLoads" fullname="Game.Tests.EditMode.TrollWarriorArtTrialTests.TrollWarriorTrial_PrefabLoads" methodname="TrollWarriorTrial_PrefabLoads" classname="Game.Tests.EditMode.TrollWarriorArtTrialTests" runstate="Runnable" seed="1998795778" result="Passed" start-time="2026-09-09 08:42:03Z" end-time="2026-09-09 08:42:03Z" duration="0.000187" asserts="0">
                <properties>
                  <property name="retryIteration" value="0" />
                  <property name="repeatIteration" value="0" />
                </properties>
              </test-case>
              <test-case id="1341" name="TrollWarriorTrial_RequiredRenderers_Present" fullname="Game.Tests.EditMode.TrollWarriorArtTrialTests.TrollWarriorTrial_RequiredRenderers_Present" methodname="TrollWarriorTrial_RequiredRenderers_Present" classname="Game.Tests.EditMode.TrollWarriorArtTrialTests" runstate="Runnable" seed="1180635626" result="Passed" start-time="2026-09-09 08:42:03Z" end-time="2026-09-09 08:42:03Z" duration="0.000545" asserts="0">
                <properties>
                  <property name="retryIteration" value="0" />
                  <property name="repeatIteration" value="0" />
                </properties>
              </test-case>
              <test-case id="1342" name="TrollWarriorTrial_WrapperScale_FinitePositive_HeavyHeight" fullname="Game.Tests.EditMode.TrollWarriorArtTrialTests.TrollWarriorTrial_WrapperScale_FinitePositive_HeavyHeight" methodname="TrollWarriorTrial_WrapperScale_FinitePositive_HeavyHeight" classname="Game.Tests.EditMode.TrollWarriorArtTrialTests" runstate="Runnable" seed="1652709782" result="Passed" start-time="2026-09-09 08:42:03Z" end-time="2026-09-09 08:42:03Z" duration="0.000437" asserts="0">
                <properties>
                  <property name="retryIteration" value="0" />
                  <property name="repeatIteration" value="0" />
                </properties>
                <output><![CDATA[Saving results to: C:/Users/ZQS/AppData/LocalLow/DefaultCompany/New Unity Project\TestResults.xml
]]></output>
              </test-case>
            </test-suite>
          </test-suite>
        </test-suite>
      </test-suite>
    </test-suite>
  </test-suite>
</test-run>